2025-03-13 00:39:13,394 - main - INFO - Инициализация приложения
2025-03-13 00:39:46,812 - main - INFO - Инициализация приложения
2025-03-13 00:39:46,828 - passlib.handlers.bcrypt - WARNING - (trapped) error reading bcrypt version
Traceback (most recent call last):
  File "C:\Pycharm\shop_data\venv\Lib\site-packages\passlib\handlers\bcrypt.py", line 620, in _load_backend_mixin
    version = _bcrypt.__about__.__version__
              ^^^^^^^^^^^^^^^^^
AttributeError: module 'bcrypt' has no attribute '__about__'
2025-03-13 00:39:47,122 - main - INFO - Создан пользователь admin с ролью администратора
2025-03-13 00:39:47,122 - main - INFO - База данных core/products.db инициализирована
2025-03-13 00:40:30,898 - main - INFO - Соединение с базой данных закрыто
2025-03-13 00:40:47,597 - main - INFO - Инициализация приложения
2025-03-13 00:40:47,605 - main - INFO - База данных core/products.db инициализирована
2025-03-13 00:45:09,410 - auth_router - INFO - Запрос токена для пользователя: admin
2025-03-13 00:45:09,420 - passlib.handlers.bcrypt - WARNING - (trapped) error reading bcrypt version
Traceback (most recent call last):
  File "C:\Pycharm\shop_data\venv\Lib\site-packages\passlib\handlers\bcrypt.py", line 620, in _load_backend_mixin
    version = _bcrypt.__about__.__version__
              ^^^^^^^^^^^^^^^^^
AttributeError: module 'bcrypt' has no attribute '__about__'
2025-03-13 00:47:06,334 - product_router - INFO - Создание товара пользователем admin
2025-03-13 00:48:23,874 - product_router - INFO - Получение товара с ID 10 пользователем admin
2025-03-13 00:49:15,425 - main - INFO - Инициализация приложения
2025-03-13 00:49:15,428 - main - INFO - База данных core/products.db инициализирована
2025-03-13 00:49:54,576 - auth_router - INFO - Запрос токена для пользователя: admin
2025-03-13 00:49:54,581 - passlib.handlers.bcrypt - WARNING - (trapped) error reading bcrypt version
Traceback (most recent call last):
  File "C:\Pycharm\shop_data\venv\Lib\site-packages\passlib\handlers\bcrypt.py", line 620, in _load_backend_mixin
    version = _bcrypt.__about__.__version__
              ^^^^^^^^^^^^^^^^^
AttributeError: module 'bcrypt' has no attribute '__about__'
2025-03-13 00:50:24,063 - product_router - INFO - Получение товара с ID 2 пользователем admin
2025-03-13 00:51:51,860 - main - INFO - Соединение с базой данных закрыто
2025-03-13 00:51:53,113 - main - INFO - Инициализация приложения
2025-03-13 00:51:53,118 - main - INFO - База данных core/products.db инициализирована
2025-03-13 00:52:00,236 - main - INFO - Соединение с базой данных закрыто
2025-03-13 01:10:45,076 - main - INFO - Инициализация приложения
2025-03-13 01:10:45,080 - main - INFO - База данных core/products.db инициализирована
2025-03-13 01:14:17,465 - main - INFO - Соединение с базой данных закрыто
2025-03-13 01:16:52,161 - main - INFO - Инициализация приложения
2025-03-13 01:16:52,168 - main - INFO - База данных core/products.db инициализирована
2025-03-13 01:17:20,629 - main - INFO - Соединение с базой данных закрыто
2025-03-13 01:20:20,558 - main - INFO - Инициализация приложения
2025-03-13 01:20:20,564 - main - INFO - База данных products_test.db инициализирована
2025-03-13 01:28:02,739 - main - INFO - Соединение с базой данных закрыто
2025-03-13 01:29:12,480 - main - INFO - Инициализация приложения
2025-03-13 01:29:12,486 - main - INFO - База данных C:/Pycharm/shop_data/core/products.db инициализирована
2025-03-13 01:29:58,017 - main - INFO - Соединение с базой данных закрыто
2025-03-13 01:31:39,140 - main - INFO - Инициализация приложения
2025-03-13 01:31:39,144 - main - INFO - База данных core/products.db инициализирована
2025-03-13 01:32:57,196 - main - INFO - Соединение с базой данных закрыто
2025-03-13 01:33:14,748 - main - INFO - Инициализация приложения
2025-03-13 01:33:14,755 - main - INFO - База данных core/products.db инициализирована
2025-03-13 01:33:32,739 - auth_router - INFO - Запрос токена для пользователя: admin
2025-03-13 01:33:32,744 - passlib.handlers.bcrypt - WARNING - (trapped) error reading bcrypt version
Traceback (most recent call last):
  File "C:\Pycharm\shop_data\venv\Lib\site-packages\passlib\handlers\bcrypt.py", line 620, in _load_backend_mixin
    version = _bcrypt.__about__.__version__
              ^^^^^^^^^^^^^^^^^
AttributeError: module 'bcrypt' has no attribute '__about__'
2025-03-13 01:34:04,775 - product_router - INFO - Получение товара с ID 3 пользователем admin
2025-03-13 01:34:47,602 - main - INFO - Соединение с базой данных закрыто
2025-03-13 01:43:12,146 - main - INFO - Инициализация приложения
2025-03-13 01:43:12,168 - passlib.handlers.bcrypt - WARNING - (trapped) error reading bcrypt version
Traceback (most recent call last):
  File "C:\Pycharm\shop_data\venv\Lib\site-packages\passlib\handlers\bcrypt.py", line 620, in _load_backend_mixin
    version = _bcrypt.__about__.__version__
              ^^^^^^^^^^^^^^^^^
AttributeError: module 'bcrypt' has no attribute '__about__'
2025-03-13 01:43:12,455 - main - INFO - Создан пользователь admin с ролью администратора
2025-03-13 01:43:12,455 - main - INFO - База данных core/products.db инициализирована
2025-03-13 01:44:13,086 - auth_router - INFO - Запрос токена для пользователя: admin
2025-03-13 01:44:34,570 - product_router - INFO - Получение товара с ID 3 пользователем admin
2025-03-13 01:45:10,286 - main - INFO - Соединение с базой данных закрыто
2025-03-13 01:57:59,519 - main - INFO - Инициализация приложения
2025-03-13 01:57:59,524 - main - INFO - База данных core/products.db инициализирована
2025-03-13 01:58:15,317 - main - INFO - Соединение с базой данных закрыто
2025-03-13 01:58:32,837 - main - INFO - Инициализация приложения
2025-03-13 01:58:32,843 - main - INFO - База данных core/products.db инициализирована
2025-03-13 01:58:39,030 - main - INFO - Соединение с базой данных закрыто
2025-03-13 02:10:14,130 - main - INFO - Инициализация приложения
2025-03-13 02:10:14,135 - main - INFO - База данных core/products.db инициализирована
2025-03-13 02:10:50,013 - auth_router - INFO - Запрос токена для пользователя: admin
2025-03-13 02:10:50,021 - passlib.handlers.bcrypt - WARNING - (trapped) error reading bcrypt version
Traceback (most recent call last):
  File "C:\Pycharm\shop_data\venv\Lib\site-packages\passlib\handlers\bcrypt.py", line 620, in _load_backend_mixin
    version = _bcrypt.__about__.__version__
              ^^^^^^^^^^^^^^^^^
AttributeError: module 'bcrypt' has no attribute '__about__'
2025-03-13 02:11:09,907 - product_router - INFO - Получение товара с ID 3 пользователем admin
2025-03-13 02:12:29,137 - main - INFO - Соединение с базой данных закрыто
2025-03-13 02:12:32,800 - main - INFO - Инициализация приложения
2025-03-13 02:12:32,806 - main - INFO - База данных core/products.db инициализирована
2025-03-13 02:12:46,334 - product_router - INFO - Получение товара с ID 5 пользователем admin
2025-03-13 02:12:53,648 - main - INFO - Соединение с базой данных закрыто
2025-03-13 02:26:12,770 - main - INFO - Инициализация приложения
2025-03-13 02:26:12,777 - main - INFO - База данных core/products.db инициализирована
2025-03-13 02:29:55,546 - main - INFO - Соединение с базой данных закрыто
2025-03-13 05:08:51,703 - main - INFO - Инициализация приложения
2025-03-13 05:08:51,729 - main - INFO - Созданы стандартные планы подписки
2025-03-13 05:08:51,730 - main - INFO - База данных core/products.db инициализирована
2025-03-13 05:09:45,430 - main - INFO - Соединение с базой данных закрыто
2025-03-13 05:11:09,573 - main - INFO - Инициализация приложения
2025-03-13 05:11:09,579 - main - INFO - База данных core/products.db инициализирована
2025-03-13 05:12:19,095 - main - INFO - Соединение с базой данных закрыто
2025-03-13 05:14:28,020 - main - INFO - Инициализация приложения
2025-03-13 05:14:28,029 - main - INFO - База данных core/products.db инициализирована
2025-03-13 05:15:30,682 - auth_router - INFO - Запрос токена для пользователя: admin
2025-03-13 05:15:30,740 - passlib.handlers.bcrypt - WARNING - (trapped) error reading bcrypt version
Traceback (most recent call last):
  File "C:\Pycharm\shop_data\venv\Lib\site-packages\passlib\handlers\bcrypt.py", line 620, in _load_backend_mixin
    version = _bcrypt.__about__.__version__
              ^^^^^^^^^^^^^^^^^
AttributeError: module 'bcrypt' has no attribute '__about__'
2025-03-13 05:16:38,138 - httpx - INFO - HTTP Request: POST https://api-m.sandbox.paypal.com/v1/oauth2/token "HTTP/1.1 401 Unauthorized"
2025-03-13 05:17:00,506 - main - INFO - Соединение с базой данных закрыто
2025-03-13 12:06:44,481 - main - INFO - Инициализация приложения
2025-03-13 12:06:44,498 - main - INFO - База данных core/products.db инициализирована
2025-03-13 12:08:20,766 - auth_router - INFO - Запрос токена для пользователя: admin
2025-03-13 12:08:20,826 - passlib.handlers.bcrypt - WARNING - (trapped) error reading bcrypt version
Traceback (most recent call last):
  File "C:\Pycharm\shop_data\venv\Lib\site-packages\passlib\handlers\bcrypt.py", line 620, in _load_backend_mixin
    version = _bcrypt.__about__.__version__
              ^^^^^^^^^^^^^^^^^
AttributeError: module 'bcrypt' has no attribute '__about__'
2025-03-13 12:09:22,795 - auth_router - INFO - Регистрация нового пользователя: faragj
2025-03-13 12:09:40,732 - product_router - INFO - Получение товара с ID 123 пользователем admin
2025-03-13 12:12:01,265 - product_router - INFO - Обновление товара с ID 1 пользователем admin
2025-03-13 12:12:30,588 - product_router - INFO - Обновление товара с ID 1 пользователем admin
2025-03-13 12:12:32,280 - product_router - INFO - Обновление товара с ID 1 пользователем admin
2025-03-13 12:12:50,912 - product_router - INFO - Обновление товара с ID 1 пользователем admin
2025-03-13 12:13:22,858 - auth_router - INFO - Запрос токена для пользователя: faragj
2025-03-13 12:26:04,031 - main - INFO - Соединение с базой данных закрыто
2025-03-13 12:26:08,013 - main - INFO - Инициализация приложения
2025-03-13 12:26:08,020 - main - INFO - База данных core/products.db инициализирована
2025-03-13 12:26:50,004 - auth_router - INFO - Запрос токена для пользователя: faragj
2025-03-13 12:26:50,010 - passlib.handlers.bcrypt - WARNING - (trapped) error reading bcrypt version
Traceback (most recent call last):
  File "C:\Pycharm\shop_data\venv\Lib\site-packages\passlib\handlers\bcrypt.py", line 620, in _load_backend_mixin
    version = _bcrypt.__about__.__version__
              ^^^^^^^^^^^^^^^^^
AttributeError: module 'bcrypt' has no attribute '__about__'
2025-03-13 12:28:22,298 - auth_router - INFO - Запрос токена для пользователя: faragj
2025-03-13 12:29:04,305 - product_router - INFO - Получение товара с ID 3 пользователем faragj
2025-03-13 12:29:25,598 - dependencies - WARNING - Отказ в доступе пользователю faragj. Требуемые роли: ['admin', 'manager']
2025-03-13 13:14:21,965 - auth_service - WARNING - Токен с истекшим сроком действия
2025-03-13 13:14:21,966 - dependencies - WARNING - Недействительные учетные данные: eyJhbGciOi...
2025-03-13 13:14:40,212 - auth_router - INFO - Запрос токена для пользователя: faragj
2025-03-13 13:15:35,218 - product_router - INFO - Получение товара с ID 3 пользователем faragj
2025-03-13 13:44:44,682 - main - INFO - Соединение с базой данных закрыто
2025-03-13 13:46:54,816 - main - INFO - Инициализация приложения
2025-03-13 13:46:54,825 - main - INFO - База данных core/products.db инициализирована
2025-03-13 13:52:12,091 - main - INFO - Соединение с базой данных закрыто
2025-03-13 14:30:29,718 - main - INFO - Инициализация приложения
2025-03-13 14:30:29,722 - main - INFO - База данных core/products.db инициализирована
2025-03-13 14:35:02,364 - auth_router - INFO - Запрос токена для пользователя: faragj
2025-03-13 14:35:02,374 - passlib.handlers.bcrypt - WARNING - (trapped) error reading bcrypt version
Traceback (most recent call last):
  File "C:\Pycharm\shop_data\venv\Lib\site-packages\passlib\handlers\bcrypt.py", line 620, in _load_backend_mixin
    version = _bcrypt.__about__.__version__
              ^^^^^^^^^^^^^^^^^
AttributeError: module 'bcrypt' has no attribute '__about__'
2025-03-13 14:38:05,851 - main - INFO - Соединение с базой данных закрыто
2025-03-13 14:38:12,666 - main - INFO - Инициализация приложения
2025-03-13 14:38:12,675 - main - INFO - База данных core/products.db инициализирована
2025-03-13 14:38:35,060 - auth_router - INFO - Запрос токена для пользователя: faragj
2025-03-13 14:38:35,069 - passlib.handlers.bcrypt - WARNING - (trapped) error reading bcrypt version
Traceback (most recent call last):
  File "C:\Pycharm\shop_data\venv\Lib\site-packages\passlib\handlers\bcrypt.py", line 620, in _load_backend_mixin
    version = _bcrypt.__about__.__version__
              ^^^^^^^^^^^^^^^^^
AttributeError: module 'bcrypt' has no attribute '__about__'
2025-03-13 14:42:47,655 - auth_router - INFO - Запрос токена для пользователя: faragj
2025-03-13 14:42:47,940 - auth_service - WARNING - Неверный пароль для пользователя: faragj
2025-03-13 14:42:47,940 - auth_router - WARNING - Неудачная попытка аутентификации для пользователя: faragj
2025-03-13 14:43:08,734 - auth_router - INFO - Запрос токена для пользователя: faragj
2025-03-13 14:43:22,721 - product_router - INFO - Получение товара с ID 4606065006214 пользователем faragj
2025-03-13 14:43:22,723 - product_router - ERROR - Ошибка при получении товара с ID 4606065006214: 404: Product not found
2025-03-13 14:44:09,886 - auth_router - INFO - Запрос токена для пользователя: faragj
2025-03-13 14:44:15,613 - product_router - INFO - Получение товара с ID 1 пользователем faragj
2025-03-13 14:52:15,884 - main - INFO - Соединение с базой данных закрыто
2025-03-13 14:52:17,470 - main - INFO - Инициализация приложения
2025-03-13 14:52:17,477 - main - INFO - База данных core/products.db инициализирована
2025-03-13 14:54:05,284 - auth_router - INFO - Запрос токена для пользователя: faragj
2025-03-13 14:54:05,293 - passlib.handlers.bcrypt - WARNING - (trapped) error reading bcrypt version
Traceback (most recent call last):
  File "C:\Pycharm\shop_data\venv\Lib\site-packages\passlib\handlers\bcrypt.py", line 620, in _load_backend_mixin
    version = _bcrypt.__about__.__version__
              ^^^^^^^^^^^^^^^^^
AttributeError: module 'bcrypt' has no attribute '__about__'
2025-03-13 14:54:15,376 - product_router - INFO - Поиск товара по штрих-коду 4606065006214 пользователем faragj
2025-03-13 15:03:20,298 - auth_router - INFO - Запрос токена для пользователя: faragj
2025-03-13 15:03:34,549 - product_router - INFO - Поиск товара по штрих-коду 4008638112016 пользователем faragj
2025-03-13 15:04:06,784 - main - INFO - Соединение с базой данных закрыто
2025-03-13 15:04:11,594 - main - INFO - Инициализация приложения
2025-03-13 15:04:11,600 - main - INFO - База данных core/products.db инициализирована
2025-03-13 15:04:24,845 - auth_router - INFO - Запрос токена для пользователя: faragj
2025-03-13 15:04:24,854 - passlib.handlers.bcrypt - WARNING - (trapped) error reading bcrypt version
Traceback (most recent call last):
  File "C:\Pycharm\shop_data\venv\Lib\site-packages\passlib\handlers\bcrypt.py", line 620, in _load_backend_mixin
    version = _bcrypt.__about__.__version__
              ^^^^^^^^^^^^^^^^^
AttributeError: module 'bcrypt' has no attribute '__about__'
2025-03-13 15:04:36,073 - product_router - INFO - Поиск товара по штрих-коду 4606065006214 пользователем faragj
2025-03-13 15:05:17,164 - product_router - INFO - Поиск товара по штрих-коду 4606065006276 пользователем faragj
2025-03-13 15:20:49,350 - auth_router - INFO - Запрос токена для пользователя: faragj
2025-03-13 15:23:53,477 - auth_router - INFO - Запрос токена для пользователя: faragj
2025-03-13 15:24:23,486 - auth_router - INFO - Запрос токена для пользователя: faragj
2025-03-13 15:24:32,596 - product_router - INFO - Поиск товара по штрих-коду 4606065006214 пользователем faragj
2025-03-13 15:24:54,479 - product_router - INFO - Поиск товара по штрих-коду 4607091482164 пользователем faragj
2025-03-13 15:28:24,585 - main - INFO - Соединение с базой данных закрыто
2025-03-13 16:14:10,191 - main - INFO - Инициализация приложения
2025-03-13 16:14:10,197 - main - INFO - База данных core/products.db инициализирована
2025-03-13 16:15:02,865 - auth_router - INFO - Запрос токена для пользователя: faragj
2025-03-13 16:15:02,871 - passlib.handlers.bcrypt - WARNING - (trapped) error reading bcrypt version
Traceback (most recent call last):
  File "C:\Pycharm\shop_data\venv\Lib\site-packages\passlib\handlers\bcrypt.py", line 620, in _load_backend_mixin
    version = _bcrypt.__about__.__version__
              ^^^^^^^^^^^^^^^^^
AttributeError: module 'bcrypt' has no attribute '__about__'
2025-03-13 16:18:28,669 - product_router - INFO - Поиск товара по штрих-коду 4606065006214 пользователем faragj
2025-03-13 16:19:13,534 - auth_router - INFO - Запрос токена для пользователя: faragj
2025-03-13 16:19:37,032 - product_router - INFO - Поиск товара по штрих-коду 4005808824304 пользователем faragj
2025-03-13 16:24:57,489 - product_router - INFO - Поиск товара по штрих-коду 4600209012376 пользователем faragj
2025-03-13 16:35:19,771 - main - INFO - Соединение с базой данных закрыто
2025-03-14 02:58:29,186 - main - INFO - Инициализация приложения
2025-03-14 02:58:29,192 - main - INFO - База данных core/products.db инициализирована
2025-03-14 03:05:44,005 - auth_service - WARNING - Токен с истекшим сроком действия
2025-03-14 03:05:44,006 - dependencies - WARNING - Недействительные учетные данные: eyJhbGciOi...
2025-03-14 03:06:35,030 - auth_service - WARNING - Токен с истекшим сроком действия
2025-03-14 03:06:35,030 - dependencies - WARNING - Недействительные учетные данные: eyJhbGciOi...
2025-03-14 03:23:04,189 - auth_service - WARNING - Токен с истекшим сроком действия
2025-03-14 03:23:04,189 - dependencies - WARNING - Недействительные учетные данные: eyJhbGciOi...
2025-03-14 03:55:00,801 - main - INFO - Соединение с базой данных закрыто
2025-03-14 03:55:05,704 - main - INFO - Инициализация приложения
2025-03-14 03:55:05,710 - main - INFO - База данных core/products.db инициализирована
2025-03-14 03:59:16,726 - auth_router - INFO - Запрос токена для пользователя: faragj
2025-03-14 03:59:16,786 - passlib.handlers.bcrypt - WARNING - (trapped) error reading bcrypt version
Traceback (most recent call last):
  File "C:\Pycharm\shop_data\venv\Lib\site-packages\passlib\handlers\bcrypt.py", line 620, in _load_backend_mixin
    version = _bcrypt.__about__.__version__
              ^^^^^^^^^^^^^^^^^
AttributeError: module 'bcrypt' has no attribute '__about__'
2025-03-14 04:01:50,264 - auth_router - INFO - Запрос токена для пользователя: faragj
2025-03-14 04:02:53,375 - auth_router - INFO - Запрос токена для пользователя: faragj
2025-03-14 04:03:20,948 - product_router - INFO - Поиск товара по штрих-коду 63123123 пользователем faragj
2025-03-14 04:16:52,741 - main - INFO - Соединение с базой данных закрыто
2025-03-14 07:22:59,966 - main - INFO - Инициализация приложения
2025-03-14 07:22:59,980 - main - INFO - База данных core/products.db инициализирована
2025-03-14 07:23:40,601 - auth_service - WARNING - Токен с истекшим сроком действия
2025-03-14 07:23:40,602 - dependencies - WARNING - Недействительные учетные данные: eyJhbGciOi...
2025-03-14 07:23:57,062 - auth_router - INFO - Запрос токена для пользователя: faragj
2025-03-14 07:23:57,135 - passlib.handlers.bcrypt - WARNING - (trapped) error reading bcrypt version
Traceback (most recent call last):
  File "C:\Pycharm\shop_data\venv\Lib\site-packages\passlib\handlers\bcrypt.py", line 620, in _load_backend_mixin
    version = _bcrypt.__about__.__version__
              ^^^^^^^^^^^^^^^^^
AttributeError: module 'bcrypt' has no attribute '__about__'
2025-03-14 07:24:07,711 - auth_service - WARNING - Токен с истекшим сроком действия
2025-03-14 07:24:07,712 - dependencies - WARNING - Недействительные учетные данные: eyJhbGciOi...
2025-03-14 07:24:58,101 - product_router - INFO - Поиск товара по штрих-коду 4008496849185 пользователем faragj
2025-03-14 07:25:23,209 - product_router - INFO - Поиск товара по штрих-коду 5010182988657 пользователем faragj
2025-03-14 07:26:01,984 - product_router - INFO - Поиск товара по штрих-коду 4005900029850 пользователем faragj
2025-03-14 07:26:45,417 - product_router - INFO - Поиск товара по штрих-коду 4607131422341 пользователем faragj
2025-03-14 07:27:09,394 - product_router - INFO - Поиск товара по штрих-коду 2117121 пользователем faragj
2025-03-14 07:27:42,549 - product_router - INFO - Поиск товара по штрих-коду 3600542142816 пользователем faragj
2025-03-14 07:43:11,851 - product_router - INFO - Поиск товара по штрих-коду 46025418 пользователем faragj
2025-03-14 07:43:29,186 - product_router - INFO - Поиск товара по штрих-коду 2011205 пользователем faragj
2025-03-14 07:49:49,672 - product_router - INFO - Поиск товара по штрих-коду 4601339003180 пользователем faragj
2025-03-14 07:55:29,744 - auth_service - WARNING - Токен с истекшим сроком действия
2025-03-14 07:55:29,744 - dependencies - WARNING - Недействительные учетные данные: eyJhbGciOi...
2025-03-14 07:55:57,526 - auth_service - WARNING - Токен с истекшим сроком действия
2025-03-14 07:55:57,526 - dependencies - WARNING - Недействительные учетные данные: eyJhbGciOi...
2025-03-14 07:56:32,349 - auth_service - WARNING - Токен с истекшим сроком действия
2025-03-14 07:56:32,349 - dependencies - WARNING - Недействительные учетные данные: eyJhbGciOi...
2025-03-14 08:11:10,937 - auth_service - WARNING - Токен с истекшим сроком действия
2025-03-14 08:11:10,937 - dependencies - WARNING - Недействительные учетные данные: eyJhbGciOi...
2025-03-14 08:29:40,440 - auth_service - WARNING - Токен с истекшим сроком действия
2025-03-14 08:29:40,441 - dependencies - WARNING - Недействительные учетные данные: eyJhbGciOi...
2025-03-14 08:32:21,150 - auth_service - WARNING - Токен с истекшим сроком действия
2025-03-14 08:32:21,150 - dependencies - WARNING - Недействительные учетные данные: eyJhbGciOi...
2025-03-14 08:35:00,346 - auth_service - WARNING - Токен с истекшим сроком действия
2025-03-14 08:35:00,347 - dependencies - WARNING - Недействительные учетные данные: eyJhbGciOi...
2025-03-14 08:37:55,860 - auth_service - WARNING - Токен с истекшим сроком действия
2025-03-14 08:37:55,860 - dependencies - WARNING - Недействительные учетные данные: eyJhbGciOi...
2025-03-14 08:41:06,295 - auth_service - WARNING - Токен с истекшим сроком действия
2025-03-14 08:41:06,296 - dependencies - WARNING - Недействительные учетные данные: eyJhbGciOi...
2025-03-14 08:44:38,321 - auth_service - WARNING - Токен с истекшим сроком действия
2025-03-14 08:44:38,322 - dependencies - WARNING - Недействительные учетные данные: eyJhbGciOi...
2025-03-14 08:45:44,344 - auth_service - WARNING - Токен с истекшим сроком действия
2025-03-14 08:45:44,344 - dependencies - WARNING - Недействительные учетные данные: eyJhbGciOi...
2025-03-14 08:47:26,412 - auth_service - WARNING - Токен с истекшим сроком действия
2025-03-14 08:47:26,413 - dependencies - WARNING - Недействительные учетные данные: eyJhbGciOi...
2025-03-14 08:51:01,802 - auth_service - WARNING - Токен с истекшим сроком действия
2025-03-14 08:51:01,803 - dependencies - WARNING - Недействительные учетные данные: eyJhbGciOi...
2025-03-14 08:52:16,559 - auth_service - WARNING - Токен с истекшим сроком действия
2025-03-14 08:52:16,559 - dependencies - WARNING - Недействительные учетные данные: eyJhbGciOi...
2025-03-14 08:59:31,512 - auth_service - WARNING - Токен с истекшим сроком действия
2025-03-14 08:59:31,512 - dependencies - WARNING - Недействительные учетные данные: eyJhbGciOi...
2025-03-14 08:59:33,567 - auth_service - WARNING - Токен с истекшим сроком действия
2025-03-14 08:59:33,568 - dependencies - WARNING - Недействительные учетные данные: eyJhbGciOi...
2025-03-14 08:59:35,623 - auth_service - WARNING - Токен с истекшим сроком действия
2025-03-14 08:59:35,623 - dependencies - WARNING - Недействительные учетные данные: eyJhbGciOi...
2025-03-14 09:00:31,824 - auth_service - WARNING - Токен с истекшим сроком действия
2025-03-14 09:00:31,824 - dependencies - WARNING - Недействительные учетные данные: eyJhbGciOi...
2025-03-14 09:00:33,878 - auth_service - WARNING - Токен с истекшим сроком действия
2025-03-14 09:00:33,878 - dependencies - WARNING - Недействительные учетные данные: eyJhbGciOi...
2025-03-14 09:00:35,964 - auth_service - WARNING - Токен с истекшим сроком действия
2025-03-14 09:00:35,964 - dependencies - WARNING - Недействительные учетные данные: eyJhbGciOi...
2025-03-14 09:00:59,974 - auth_router - INFO - Запрос токена для пользователя: faragj
2025-03-14 09:01:10,116 - auth_service - WARNING - Токен с истекшим сроком действия
2025-03-14 09:01:10,116 - dependencies - WARNING - Недействительные учетные данные: eyJhbGciOi...
2025-03-14 09:01:30,746 - product_router - INFO - Поиск товара по штрих-коду 2110920 пользователем faragj
2025-03-14 09:01:32,850 - product_router - INFO - Поиск товара по штрих-коду 4870144672335 пользователем faragj
2025-03-14 09:01:34,938 - product_router - INFO - Поиск товара по штрих-коду 8693357091757 пользователем faragj
2025-03-14 09:04:20,055 - product_router - INFO - Поиск товара по штрих-коду 2110920 пользователем faragj
2025-03-14 09:04:22,130 - product_router - INFO - Поиск товара по штрих-коду 4870144672335 пользователем faragj
2025-03-14 09:04:36,273 - product_router - INFO - Поиск товара по штрих-коду 4008638111019 пользователем faragj
2025-03-14 09:04:56,306 - product_router - INFO - Поиск товара по штрих-коду 5010182990728 пользователем faragj
2025-03-14 09:06:22,747 - product_router - INFO - Поиск товара по штрих-коду 5000394058170 пользователем faragj
2025-03-14 09:07:12,884 - product_router - INFO - Поиск товара по штрих-коду 80052760 пользователем faragj
2025-03-14 09:07:43,155 - product_router - INFO - Поиск товара по штрих-коду 5000159390729 пользователем faragj
2025-03-14 09:17:44,134 - product_router - INFO - Поиск товара по штрих-коду 4607104280015 пользователем faragj
2025-03-14 09:21:35,081 - product_router - INFO - Поиск товара по штрих-коду 4870144672335 пользователем faragj
2025-03-14 09:22:15,296 - product_router - INFO - Поиск товара по штрих-коду 2415702 пользователем faragj
2025-03-14 09:24:01,150 - product_router - INFO - Поиск товара по штрих-коду 4600680001708 пользователем faragj
2025-03-14 09:24:24,858 - main - INFO - Соединение с базой данных закрыто
